


ARM Macro Assembler    Page 1 


    1 00000000         ;****************** main.s ***************
    2 00000000         ; Program written by: Daniel Canterino and Pranav Padman
                       abha
    3 00000000         ; Date Created: 2/4/2017
    4 00000000         ; Last Modified: 2/4/2017
    5 00000000         ; Brief description of the program
    6 00000000         ;   The LED toggles at 8 Hz and a varying duty-cycle
    7 00000000         ; Hardware connections (External: One button and one LED
                       )
    8 00000000         ;  PE1 is Button input  (1 means pressed, 0 means not pr
                       essed)
    9 00000000         ;  PE0 is LED output (1 activates external9 LED on proto
                       board)
   10 00000000         ;  PF4 is builtin button SW1 on Launchpad (Internal) 
   11 00000000         ;        Negative Logic (0 means pressed, 1 means not pr
                       essed)
   12 00000000         ; Overall functionality of this system is to operate lik
                       e this
   13 00000000         ;   1) Make PE0 an output and make PE1 and PF4 inputs.
   14 00000000         ;   2) The system starts with the the LED toggling at 8H
                       z,
   15 00000000         ;      which is 8 times per second with a duty-cycle of 
                       20%.
   16 00000000         ;      Therefore, the LED is ON for (0.2*1/8)th of a sec
                       ond
   17 00000000         ;      and OFF for (0.8*1/8)th of a second.
   18 00000000         ;   3) When the button on (PE1) is pressed-and-released 
                       increase
   19 00000000         ;      the duty cycle by 20% (modulo 100%). Therefore fo
                       r each
   20 00000000         ;      press-and-release the duty cycle changes from 20%
                        to 40% to 60%
   21 00000000         ;      to 80% to 100%(ON) to 0%(Off) to 20% to 40% so on
                       
   22 00000000         ;   4) Implement a "breathing LED" when SW1 (PF4) on the
                        Launchpad is pressed:
   23 00000000         ;      a) Be creative and play around with what "breathi
                       ng" means.
   24 00000000         ;         An example of "breathing" is most computers po
                       wer LED in sleep mode
   25 00000000         ;         (e.g., https://www.youtube.com/watch?v=ZT6siXy
                       IjvQ).
   26 00000000         ;      b) When (PF4) is released while in breathing mode
                       , resume blinking at 8Hz.
   27 00000000         ;         The duty cycle can either match the most recen
                       t duty-
   28 00000000         ;         cycle or reset to 20%.
   29 00000000         ;      TIP: debugging the breathing LED algorithm and fe
                       el on the simulator is impossible.
   30 00000000         ; PortE device registers
   31 00000000 400243FC 
                       GPIO_PORTE_DATA_R
                               EQU              0x400243FC
   32 00000000 40024400 
                       GPIO_PORTE_DIR_R
                               EQU              0x40024400
   33 00000000 40024420 
                       GPIO_PORTE_AFSEL_R
                               EQU              0x40024420



ARM Macro Assembler    Page 2 


   34 00000000 4002451C 
                       GPIO_PORTE_DEN_R
                               EQU              0x4002451C
   35 00000000         ; PortF device registers
   36 00000000 400253FC 
                       GPIO_PORTF_DATA_R
                               EQU              0x400253FC
   37 00000000 40025400 
                       GPIO_PORTF_DIR_R
                               EQU              0x40025400
   38 00000000 40025420 
                       GPIO_PORTF_AFSEL_R
                               EQU              0x40025420
   39 00000000 40025510 
                       GPIO_PORTF_PUR_R
                               EQU              0x40025510
   40 00000000 4002551C 
                       GPIO_PORTF_DEN_R
                               EQU              0x4002551C
   41 00000000         
   42 00000000 40025524 
                       GPIO_PORTF_CR_R
                               EQU              0x40025524  ;;;;;;;;;;;;;;;;;;;
                                                            ;;;;;;;;;;;;;;;;;;;
                                                            ;;;
   43 00000000         
   44 00000000 400FE608 
                       SYSCTL_RCGCGPIO_R
                               EQU              0x400FE608
   45 00000000                 PRESERVE8                    ;;;;;;;;;;;;;;;;;;;
                                                            ;;;;;;;;;;;;;;;;;;;
                                                            ;;;;;;;;;;;;;;;;;
   46 00000000                 IMPORT           TExaS_Init
   47 00000000                 AREA             |.text|, CODE, READONLY, ALIGN=
2
   48 00000000                 THUMB
   49 00000000                 EXPORT           Start
   50 00000000         Start
   51 00000000         ; TExaS_Init sets bus clock at 80 MHz
   52 00000000 F7FF FFFE       BL               TExaS_Init  ; voltmeter, scope 
                                                            on PD3
   53 00000004 B662            CPSIE            I           ; TExaS voltmeter, 
                                                            scope runs on inter
                                                            rupts
   54 00000006         
   55 00000006         
   56 00000006 4987            LDR              R1, =SYSCTL_RCGCGPIO_R ;ACTIVAT
                                                            E THE CLOCK FOR POR
                                                            T F AND PORT E
   57 00000008 6808            LDR              R0, [R1]
   58 0000000A F040 0030       ORR              R0, R0, #0x30 ;SET BIT 4 AND 5 
                                                            TO TURN ON CLOCK
   59 0000000E 6008            STR              R0, [R1]
   60 00000010         
   61 00000010 BF00            NOP
   62 00000012 BF00            NOP
   63 00000014         
   64 00000014 4984            LDR              R1, =GPIO_PORTF_DIR_R ;SET PORT
                                                             F PIN 4 AS INPUT



ARM Macro Assembler    Page 3 


   65 00000016 F04F 0000       MOV              R0, #0x00
   66 0000001A 6008            STR              R0, [R1]
   67 0000001C         
   68 0000001C 4983            LDR              R1, =GPIO_PORTE_DIR_R ;SET PORT
                                                             E PIN 0 AS OUTPUT 
                                                            AND PIN 1 AS INPUT
   69 0000001E F04F 0001       MOV              R0, #0x01
   70 00000022 6008            STR              R0, [R1]
   71 00000024         
   72 00000024 4982            LDR              R1, =GPIO_PORTF_PUR_R ;ENABLE P
                                                            ULL UP FOR PIN 4
   73 00000026 F04F 0010       MOV              R0, #0x10
   74 0000002A 6008            STR              R0, [R1]
   75 0000002C         
   76 0000002C 4981            LDR              R1, =GPIO_PORTF_DEN_R ;ENABLE P
                                                            ORT F DIGITAL PORT
   77 0000002E F04F 0010       MOV              R0, #0x10
   78 00000032 6008            STR              R0, [R1]
   79 00000034         
   80 00000034         
   81 00000034 4980            LDR              R1, =GPIO_PORTE_DEN_R ;ENABLE P
                                                            ORT E DIGITAL PORT
   82 00000036 F04F 0003       MOV              R0, #0x03
   83 0000003A 6008            STR              R0, [R1]
   84 0000003C         
   85 0000003C         ;  LDR R1, =GPIO_PORTF_CR_R
   86 0000003C         ;  MOV R0, #0xFF
   87 0000003C         ;  STR R0, [R1]
   88 0000003C         
   89 0000003C         
   90 0000003C         
   91 0000003C F04F 0502       MOV              R5, #2
   92 00000040         
   93 00000040         loop
   94 00000040         
   95 00000040 F04F 0200 
                       CHECK   MOV              R2, #0
   96 00000044         
   97 00000044         ;;;;;;;;;;;;;;;CHECK PORT F;;;;;;;;;;;;;;;;;;   
   98 00000044         
   99 00000044 497D            LDR              R1, =GPIO_PORTF_DATA_R ;checks 
                                                            to see if the switc
                                                            h on the board has 
                                                            been pressed
  100 00000046 6808            LDR              R0, [R1]
  101 00000048 4602            MOV              R2, R0
  102 0000004A F002 0210       AND              R2, R2, #0x10 ;mast for PF4
  103 0000004E 2A00            CMP              R2, #0x00
  104 00000050 D007            BEQ              BREATH      ;if pressed go to t
                                                            he breathing functi
                                                            on
  105 00000052         
  106 00000052         
  107 00000052         
  108 00000052 497B            LDR              R1, =GPIO_PORTE_DATA_R ;check t
                                                            o see if the button
                                                             has been pressed
  109 00000054 6808            LDR              R0, [R1]
  110 00000056 F000 0202       AND              R2, R0, #0x02



ARM Macro Assembler    Page 4 


  111 0000005A 2A02            CMP              R2, #0x02
  112 0000005C D004            BEQ              RELEASE     ;if it has go to wa
                                                            it till its been re
                                                            leased
  113 0000005E D10F            BNE              DET_STATE   ;if not pressed, ex
                                                            ecute the current s
                                                            tate
  114 00000060         
  115 00000060 E7EE            B                loop
  116 00000062         
  117 00000062 F000 F899 
                       BREATH  BL               BREATH_WORK ;do the breath func
                                                            tion
  118 00000066 E7EB            B                CHECK       ;once done, go back
                                                             and check to see i
                                                            f new buttons have 
                                                            been pressed
  119 00000068         
  120 00000068 F04F 0200 
                       RELEASE MOV              R2, #0      ;stay here till but
                                                            ton has been releas
                                                            ed
  121 0000006C 4974            LDR              R1, =GPIO_PORTE_DATA_R
  122 0000006E 6808            LDR              R0, [R1]
  123 00000070 F000 0202       AND              R2, R0, #0x02
  124 00000074 2A02            CMP              R2, #0x02
  125 00000076 D0F7            BEQ              RELEASE
  126 00000078 F000 F800       BL               ADD_STATE   ;once released, go 
                                                            to the next state
  127 0000007C         
  128 0000007C F105 0502 
                       ADD_STATE
                               ADD              R5, R5, #2  ;sets next state
  129 00000080 2D0C    DET_STATE
                               CMP              R5, #12     ;this function will
                                                             check to see what 
                                                            state should be exe
                                                            cuted. once the sta
                                                            te is identified, i
                                                            t is executed
  130 00000082 D00B            BEQ              ZERO
  131 00000084 2D00            CMP              R5, #0
  132 00000086 D009            BEQ              ZERO
  133 00000088 2D02            CMP              R5, #2
  134 0000008A D00D            BEQ              TWENTY
  135 0000008C 2D04            CMP              R5, #4
  136 0000008E D023            BEQ              FOURTY
  137 00000090 2D06            CMP              R5, #6
  138 00000092 D039            BEQ              SIXTY
  139 00000094 2D08            CMP              R5, #8
  140 00000096 D04F            BEQ              EIGHTY
  141 00000098 F000 F866       BL               HUNDY
  142 0000009C         
  143 0000009C F04F 0500 
                       ZERO    MOV              R5, #0      ;zero percent duty 
                                                            cycle
  144 000000A0 F000 F86E       BL               TURN_OFF
  145 000000A4 F7FF FFCC       BL               CHECK
  146 000000A8         



ARM Macro Assembler    Page 5 


  147 000000A8         ;;;;;;;;;;;; R6 WILL BE COUNTER FOR ON R7 WILL BE INVERS
                       E;;;;;;;;;;;;;;R7=100-R6
  148 000000A8         
  149 000000A8 F04F 0502 
                       TWENTY  MOV              R5, #2      ;twenty percent dut
                                                            y cycle
  150 000000AC F000 F862       BL               TURN_ON
  151 000000B0 F04F 0614       MOV              R6, #20
  152 000000B4 F04F 0750       MOV              R7, #80
  153 000000B8 F000 F868 
                       TWENTY_D
                               BL               DELAY
  154 000000BC F1A6 0601       SUB              R6, R6, #1
  155 000000C0 2E00            CMP              R6, #0
  156 000000C2 D1F9            BNE              TWENTY_D
  157 000000C4 F000 F85C       BL               TURN_OFF
  158 000000C8 F000 F860 
                       TWENTY_O
                               BL               DELAY
  159 000000CC F1A7 0701       SUB              R7, R7, #1
  160 000000D0 2F00            CMP              R7, #0
  161 000000D2 D1F9            BNE              TWENTY_O
  162 000000D4 F7FF FFB4       BL               CHECK
  163 000000D8         
  164 000000D8         
  165 000000D8         
  166 000000D8 F04F 0504 
                       FOURTY  MOV              R5, #4      ;fourty percent dut
                                                            y cycle
  167 000000DC F000 F84A       BL               TURN_ON
  168 000000E0 F04F 0628       MOV              R6, #40
  169 000000E4 F04F 073C       MOV              R7, #60
  170 000000E8 F000 F850 
                       FOURTY_D
                               BL               DELAY
  171 000000EC F1A6 0601       SUB              R6, R6, #1
  172 000000F0 2E00            CMP              R6, #0
  173 000000F2 D1F9            BNE              FOURTY_D
  174 000000F4 F000 F844       BL               TURN_OFF
  175 000000F8 F000 F848 
                       FOURTY_O
                               BL               DELAY
  176 000000FC F1A7 0701       SUB              R7, R7, #1
  177 00000100 2F00            CMP              R7, #0
  178 00000102 D1F9            BNE              FOURTY_O
  179 00000104 F7FF FF9C       BL               CHECK
  180 00000108         
  181 00000108         
  182 00000108         
  183 00000108 F04F 0506 
                       SIXTY   MOV              R5, #6      ;sixty percent duty
                                                             cycle 
  184 0000010C F000 F832       BL               TURN_ON
  185 00000110 F04F 063C       MOV              R6, #60
  186 00000114 F04F 0728       MOV              R7, #40
  187 00000118 F000 F838 
                       SIXTY_D BL               DELAY
  188 0000011C F1A6 0601       SUB              R6, R6, #1
  189 00000120 2E00            CMP              R6, #0



ARM Macro Assembler    Page 6 


  190 00000122 D1F9            BNE              SIXTY_D
  191 00000124 F000 F82C       BL               TURN_OFF
  192 00000128 F000 F830 
                       SIXTY_O BL               DELAY
  193 0000012C F1A7 0701       SUB              R7, R7, #1
  194 00000130 2F00            CMP              R7, #0
  195 00000132 D1F9            BNE              SIXTY_O
  196 00000134 F7FF FF84       BL               CHECK
  197 00000138         
  198 00000138         
  199 00000138         
  200 00000138 F04F 0508 
                       EIGHTY  MOV              R5, #8      ;eighty percent dut
                                                            y cycle
  201 0000013C F000 F81A       BL               TURN_ON
  202 00000140 F04F 0650       MOV              R6, #80
  203 00000144 F04F 0714       MOV              R7, #20
  204 00000148 F000 F820 
                       EIGHTY_D
                               BL               DELAY
  205 0000014C F1A6 0601       SUB              R6, R6, #1
  206 00000150 2E00            CMP              R6, #0
  207 00000152 D1F9            BNE              EIGHTY_D
  208 00000154 F000 F814       BL               TURN_OFF
  209 00000158 F000 F818 
                       EIGHTY_O
                               BL               DELAY
  210 0000015C F1A7 0701       SUB              R7, R7, #1
  211 00000160 2F00            CMP              R7, #0
  212 00000162 D1F9            BNE              EIGHTY_O
  213 00000164 F7FF FF6C       BL               CHECK
  214 00000168         
  215 00000168         
  216 00000168         
  217 00000168 F04F 050A 
                       HUNDY   MOV              R5, #10     ;hundred percent du
                                                            ty cycle
  218 0000016C F000 F802       BL               TURN_ON
  219 00000170 F7FF FF66       BL               CHECK
  220 00000174         
  221 00000174         
  222 00000174         
  223 00000174 4932    TURN_ON LDR              R1, =GPIO_PORTE_DATA_R 
                                                            ;turns on LED
  224 00000176 6808            LDR              R0, [R1]
  225 00000178 F040 0001       ORR              R0, #0x01
  226 0000017C 6008            STR              R0, [R1]
  227 0000017E 4770            BX               LR
  228 00000180         
  229 00000180 492F    TURN_OFF
                               LDR              R1, =GPIO_PORTE_DATA_R 
                                                            ;turns off LED
  230 00000182 6808            LDR              R0, [R1]
  231 00000184 F020 0001       BIC              R0, #0x01
  232 00000188 6008            STR              R0, [R1]
  233 0000018A 4770            BX               LR
  234 0000018C         
  235 0000018C         
  236 0000018C F644 6020 



ARM Macro Assembler    Page 7 


                       DELAY   MOV              R0, #20000  ;ASSUMING THAT THIS
                                                             DELAY IS WILL BE F
                                                            OR 1.25 MILLI SECON
                                                            D = 1 percent of an
                                                             1/8th of a second
  237 00000190 1E40    WAIT    SUBS             R0, R0, #1
  238 00000192 2800            CMP              R0, #0
  239 00000194 D1FC            BNE              WAIT
  240 00000196 4770            BX               LR
  241 00000198         
  242 00000198         
  243 00000198         ;;;;;;;;;;;;;;;;; R6 HAS THE OFF DELAY TIME;;;;;;;;; R7 
                       HAS THE ON DELAY TIME
  244 00000198         ;;;;;This subroutine will increase the duty cycle everyt
                       ime providing a increased glow until 100 percent duty cy
                       cle. Then it does the reverse.    
  245 00000198 B500    BREATH_WORK
                               PUSH{LR}
  246 0000019A F04F 0664       MOV              R6, #100
  247 0000019E F04F 0700       MOV              R7, #0
  248 000001A2         
  249 000001A2 46B0    BACK    MOV              R8, R6      ;;;;;;R8 NOW HAS VA
                                                            LUE EQUIVALENT TO R
                                                            6
  250 000001A4 46B9            MOV              R9, R7      ;;;;;;R9 NOW HAS VA
                                                            LUE EQUIVALENT TO R
                                                            7
  251 000001A6 F7FF FFEB       BL               TURN_OFF
  252 000001AA F000 F835 
                       BREATH_OFF
                               BL               DELAY_B
  253 000001AE F1A8 0801       SUB              R8, R8, #1
  254 000001B2 F1B8 0F00       CMP              R8, #0
  255 000001B6 D1F8            BNE              BREATH_OFF
  256 000001B8 F7FF FFDC       BL               TURN_ON
  257 000001BC F000 F82C 
                       BREATH_ON
                               BL               DELAY_B
  258 000001C0 F1A9 0901       SUB              R9, R9, #1
  259 000001C4 F1B9 3FFF       CMP              R9, #-1
  260 000001C8 D1F8            BNE              BREATH_ON
  261 000001CA F1A6 0601       SUB              R6, R6, #1
  262 000001CE F107 0701       ADD              R7, R7, #1
  263 000001D2 2E00            CMP              R6, #0
  264 000001D4 D1E5            BNE              BACK
  265 000001D6         
  266 000001D6 F04F 0664       MOV              R6, #100
  267 000001DA F04F 0700       MOV              R7, #0
  268 000001DE         
  269 000001DE 46B0    BACK_2  MOV              R8, R6
  270 000001E0 46B9            MOV              R9, R7
  271 000001E2 F7FF FFC7       BL               TURN_ON
  272 000001E6 F000 F817 
                       BREATH_ON_2
                               BL               DELAY_B
  273 000001EA F1A8 0801       SUB              R8, R8, #1
  274 000001EE F1B8 0F00       CMP              R8, #0
  275 000001F2 D1F8            BNE              BREATH_ON_2
  276 000001F4 F7FF FFC4       BL               TURN_OFF



ARM Macro Assembler    Page 8 


  277 000001F8 F000 F80E 
                       BREATH_OF_2
                               BL               DELAY_B
  278 000001FC F1A9 0901       SUB              R9, R9, #1
  279 00000200 F1B9 3FFF       CMP              R9, #-1
  280 00000204 D1F8            BNE              BREATH_OF_2
  281 00000206 F1A6 0601       SUB              R6, R6, #1
  282 0000020A F107 0701       ADD              R7, R7, #1
  283 0000020E 2E00            CMP              R6, #0
  284 00000210 D1E5            BNE              BACK_2
  285 00000212         
  286 00000212 F85D EB04       POP              {LR}
  287 00000216 4770            BX               LR
  288 00000218         
  289 00000218         
  290 00000218         
  291 00000218 F640 10C4 
                       DELAY_B MOV              R0, #2500   ;this is decreased 
                                                            delay for the breat
                                                            hing to make the tr
                                                            ansitions smoother.
                                                            
  292 0000021C 1E40    WAIT_B  SUBS             R0, R0, #1
  293 0000021E 2800            CMP              R0, #0
  294 00000220 D1FC            BNE              WAIT_B
  295 00000222 4770            BX               LR
  296 00000224         
  297 00000224         
  298 00000224         
  299 00000224         
  300 00000224                 ALIGN                        ; make sure the end
                                                             of this section is
                                                             aligned
  301 00000224                 END                          ; end of file
              400FE608 
              40025400 
              40024400 
              40025510 
              4002551C 
              4002451C 
              400253FC 
              400243FC 
Command Line: --debug --xref --cpu=Cortex-M4 --apcs=interwork --depend=.\main.d
 -o.\main.o -ID:\Keil\ARM\RV31\INC -ID:\Keil\ARM\CMSIS\Include -ID:\Keil\ARM\In
c\Luminary --predefine="__EVAL SETA 1" --list=.\main.lst main.s



ARM Macro Assembler    Page 1 Alphabetic symbol ordering
Relocatable symbols

.text 00000000

Symbol: .text
   Definitions
      At line 47 in file main.s
   Uses
      None
Comment: .text unused
ADD_STATE 0000007C

Symbol: ADD_STATE
   Definitions
      At line 128 in file main.s
   Uses
      At line 126 in file main.s
Comment: ADD_STATE used once
BACK 000001A2

Symbol: BACK
   Definitions
      At line 249 in file main.s
   Uses
      At line 264 in file main.s
Comment: BACK used once
BACK_2 000001DE

Symbol: BACK_2
   Definitions
      At line 269 in file main.s
   Uses
      At line 284 in file main.s
Comment: BACK_2 used once
BREATH 00000062

Symbol: BREATH
   Definitions
      At line 117 in file main.s
   Uses
      At line 104 in file main.s
Comment: BREATH used once
BREATH_OFF 000001AA

Symbol: BREATH_OFF
   Definitions
      At line 252 in file main.s
   Uses
      At line 255 in file main.s
Comment: BREATH_OFF used once
BREATH_OF_2 000001F8

Symbol: BREATH_OF_2
   Definitions
      At line 277 in file main.s
   Uses
      At line 280 in file main.s
Comment: BREATH_OF_2 used once
BREATH_ON 000001BC

Symbol: BREATH_ON



ARM Macro Assembler    Page 2 Alphabetic symbol ordering
Relocatable symbols

   Definitions
      At line 257 in file main.s
   Uses
      At line 260 in file main.s
Comment: BREATH_ON used once
BREATH_ON_2 000001E6

Symbol: BREATH_ON_2
   Definitions
      At line 272 in file main.s
   Uses
      At line 275 in file main.s
Comment: BREATH_ON_2 used once
BREATH_WORK 00000198

Symbol: BREATH_WORK
   Definitions
      At line 245 in file main.s
   Uses
      At line 117 in file main.s
Comment: BREATH_WORK used once
CHECK 00000040

Symbol: CHECK
   Definitions
      At line 95 in file main.s
   Uses
      At line 118 in file main.s
      At line 145 in file main.s
      At line 162 in file main.s
      At line 179 in file main.s
      At line 196 in file main.s
      At line 213 in file main.s
      At line 219 in file main.s

DELAY 0000018C

Symbol: DELAY
   Definitions
      At line 236 in file main.s
   Uses
      At line 153 in file main.s
      At line 158 in file main.s
      At line 170 in file main.s
      At line 175 in file main.s
      At line 187 in file main.s
      At line 192 in file main.s
      At line 204 in file main.s
      At line 209 in file main.s

DELAY_B 00000218

Symbol: DELAY_B
   Definitions
      At line 291 in file main.s
   Uses
      At line 252 in file main.s
      At line 257 in file main.s
      At line 272 in file main.s



ARM Macro Assembler    Page 3 Alphabetic symbol ordering
Relocatable symbols

      At line 277 in file main.s

DET_STATE 00000080

Symbol: DET_STATE
   Definitions
      At line 129 in file main.s
   Uses
      At line 113 in file main.s
Comment: DET_STATE used once
EIGHTY 00000138

Symbol: EIGHTY
   Definitions
      At line 200 in file main.s
   Uses
      At line 140 in file main.s
Comment: EIGHTY used once
EIGHTY_D 00000148

Symbol: EIGHTY_D
   Definitions
      At line 204 in file main.s
   Uses
      At line 207 in file main.s
Comment: EIGHTY_D used once
EIGHTY_O 00000158

Symbol: EIGHTY_O
   Definitions
      At line 209 in file main.s
   Uses
      At line 212 in file main.s
Comment: EIGHTY_O used once
FOURTY 000000D8

Symbol: FOURTY
   Definitions
      At line 166 in file main.s
   Uses
      At line 136 in file main.s
Comment: FOURTY used once
FOURTY_D 000000E8

Symbol: FOURTY_D
   Definitions
      At line 170 in file main.s
   Uses
      At line 173 in file main.s
Comment: FOURTY_D used once
FOURTY_O 000000F8

Symbol: FOURTY_O
   Definitions
      At line 175 in file main.s
   Uses
      At line 178 in file main.s
Comment: FOURTY_O used once
HUNDY 00000168



ARM Macro Assembler    Page 4 Alphabetic symbol ordering
Relocatable symbols


Symbol: HUNDY
   Definitions
      At line 217 in file main.s
   Uses
      At line 141 in file main.s
Comment: HUNDY used once
RELEASE 00000068

Symbol: RELEASE
   Definitions
      At line 120 in file main.s
   Uses
      At line 112 in file main.s
      At line 125 in file main.s

SIXTY 00000108

Symbol: SIXTY
   Definitions
      At line 183 in file main.s
   Uses
      At line 138 in file main.s
Comment: SIXTY used once
SIXTY_D 00000118

Symbol: SIXTY_D
   Definitions
      At line 187 in file main.s
   Uses
      At line 190 in file main.s
Comment: SIXTY_D used once
SIXTY_O 00000128

Symbol: SIXTY_O
   Definitions
      At line 192 in file main.s
   Uses
      At line 195 in file main.s
Comment: SIXTY_O used once
Start 00000000

Symbol: Start
   Definitions
      At line 50 in file main.s
   Uses
      At line 49 in file main.s
Comment: Start used once
TURN_OFF 00000180

Symbol: TURN_OFF
   Definitions
      At line 229 in file main.s
   Uses
      At line 144 in file main.s
      At line 157 in file main.s
      At line 174 in file main.s
      At line 191 in file main.s
      At line 208 in file main.s



ARM Macro Assembler    Page 5 Alphabetic symbol ordering
Relocatable symbols

      At line 251 in file main.s
      At line 276 in file main.s

TURN_ON 00000174

Symbol: TURN_ON
   Definitions
      At line 223 in file main.s
   Uses
      At line 150 in file main.s
      At line 167 in file main.s
      At line 184 in file main.s
      At line 201 in file main.s
      At line 218 in file main.s
      At line 256 in file main.s
      At line 271 in file main.s

TWENTY 000000A8

Symbol: TWENTY
   Definitions
      At line 149 in file main.s
   Uses
      At line 134 in file main.s
Comment: TWENTY used once
TWENTY_D 000000B8

Symbol: TWENTY_D
   Definitions
      At line 153 in file main.s
   Uses
      At line 156 in file main.s
Comment: TWENTY_D used once
TWENTY_O 000000C8

Symbol: TWENTY_O
   Definitions
      At line 158 in file main.s
   Uses
      At line 161 in file main.s
Comment: TWENTY_O used once
WAIT 00000190

Symbol: WAIT
   Definitions
      At line 237 in file main.s
   Uses
      At line 239 in file main.s
Comment: WAIT used once
WAIT_B 0000021C

Symbol: WAIT_B
   Definitions
      At line 292 in file main.s
   Uses
      At line 294 in file main.s
Comment: WAIT_B used once
ZERO 0000009C




ARM Macro Assembler    Page 6 Alphabetic symbol ordering
Relocatable symbols

Symbol: ZERO
   Definitions
      At line 143 in file main.s
   Uses
      At line 130 in file main.s
      At line 132 in file main.s

loop 00000040

Symbol: loop
   Definitions
      At line 93 in file main.s
   Uses
      At line 115 in file main.s
Comment: loop used once
35 symbols



ARM Macro Assembler    Page 1 Alphabetic symbol ordering
Absolute symbols

GPIO_PORTE_AFSEL_R 40024420

Symbol: GPIO_PORTE_AFSEL_R
   Definitions
      At line 33 in file main.s
   Uses
      None
Comment: GPIO_PORTE_AFSEL_R unused
GPIO_PORTE_DATA_R 400243FC

Symbol: GPIO_PORTE_DATA_R
   Definitions
      At line 31 in file main.s
   Uses
      At line 108 in file main.s
      At line 121 in file main.s
      At line 223 in file main.s
      At line 229 in file main.s

GPIO_PORTE_DEN_R 4002451C

Symbol: GPIO_PORTE_DEN_R
   Definitions
      At line 34 in file main.s
   Uses
      At line 81 in file main.s
Comment: GPIO_PORTE_DEN_R used once
GPIO_PORTE_DIR_R 40024400

Symbol: GPIO_PORTE_DIR_R
   Definitions
      At line 32 in file main.s
   Uses
      At line 68 in file main.s
Comment: GPIO_PORTE_DIR_R used once
GPIO_PORTF_AFSEL_R 40025420

Symbol: GPIO_PORTF_AFSEL_R
   Definitions
      At line 38 in file main.s
   Uses
      None
Comment: GPIO_PORTF_AFSEL_R unused
GPIO_PORTF_CR_R 40025524

Symbol: GPIO_PORTF_CR_R
   Definitions
      At line 42 in file main.s
   Uses
      None
Comment: GPIO_PORTF_CR_R unused
GPIO_PORTF_DATA_R 400253FC

Symbol: GPIO_PORTF_DATA_R
   Definitions
      At line 36 in file main.s
   Uses
      At line 99 in file main.s
Comment: GPIO_PORTF_DATA_R used once



ARM Macro Assembler    Page 2 Alphabetic symbol ordering
Absolute symbols

GPIO_PORTF_DEN_R 4002551C

Symbol: GPIO_PORTF_DEN_R
   Definitions
      At line 40 in file main.s
   Uses
      At line 76 in file main.s
Comment: GPIO_PORTF_DEN_R used once
GPIO_PORTF_DIR_R 40025400

Symbol: GPIO_PORTF_DIR_R
   Definitions
      At line 37 in file main.s
   Uses
      At line 64 in file main.s
Comment: GPIO_PORTF_DIR_R used once
GPIO_PORTF_PUR_R 40025510

Symbol: GPIO_PORTF_PUR_R
   Definitions
      At line 39 in file main.s
   Uses
      At line 72 in file main.s
Comment: GPIO_PORTF_PUR_R used once
SYSCTL_RCGCGPIO_R 400FE608

Symbol: SYSCTL_RCGCGPIO_R
   Definitions
      At line 44 in file main.s
   Uses
      At line 56 in file main.s
Comment: SYSCTL_RCGCGPIO_R used once
11 symbols



ARM Macro Assembler    Page 1 Alphabetic symbol ordering
External symbols

TExaS_Init 00000000

Symbol: TExaS_Init
   Definitions
      At line 46 in file main.s
   Uses
      At line 52 in file main.s
Comment: TExaS_Init used once
1 symbol
380 symbols in table
